<?xml version="1.0" encoding="UTF-8"?>
<robot generator="Robot 7.0 (Python 3.12.3 on win32)" generated="2024-05-21T13:22:48.565765" rpa="false" schemaversion="5">
<suite id="s1" name="TestAutoRecorder" source="C:\Python\Test_AutoRecorder\Test\TestAutoRecorder.robot">
<test id="s1-t1" name="Moment of the truth" line="6">
<kw name="Sleep" owner="BuiltIn">
<msg time="2024-05-21T13:22:55.884439" level="INFO">Slept 5 seconds.</msg>
<arg>5s</arg>
<doc>Pauses the test executed for the given time.</doc>
<status status="PASS" start="2024-05-21T13:22:50.883836" elapsed="5.000603"/>
</kw>
<kw name="Stop Recording Test" owner="AutoRecorder">
<msg time="2024-05-21T13:22:55.924894" level="INFO" html="true">&lt;a href="recording_2.webm"&gt;&lt;video width="800px" autoplay&gt;&lt;source src="recording_2.webm" type="video/webm"&gt;&lt;/video&gt;&lt;/a&gt;</msg>
<arg>Moment of the truth</arg>
<doc>There is no need to execute this keyword manually.</doc>
<status status="PASS" start="2024-05-21T13:22:55.884439" elapsed="0.040455"/>
</kw>
<status status="PASS" start="2024-05-21T13:22:48.801698" elapsed="7.082741"/>
</test>
<doc>Test the library AutoRecorder</doc>
<status status="PASS" start="2024-05-21T13:22:48.581477" elapsed="7.343417"/>
</suite>
<statistics>
<total>
<stat pass="1" fail="0" skip="0">All Tests</stat>
</total>
<tag>
</tag>
<suite>
<stat pass="1" fail="0" skip="0" id="s1" name="TestAutoRecorder">TestAutoRecorder</stat>
</suite>
</statistics>
<errors>
</errors>
</robot>
